Using pre-set license
Built from '2020.3/release' branch; Version is '2020.3.2f1 (8fd9074bf66c) revision 9427207'; Using compiler version '192528614'; Build Type 'Release'
OS: 'Windows 10 Home; OS build 19043.1165; Version 2009; 64bit' Language: 'en' Physical Memory: 16347 MB
BatchMode: 1, IsHumanControllingUs: 0, StartBugReporterOnCrash: 0, Is64bit: 1, IsPro: 0

 COMMAND LINE ARGUMENTS:
C:\Program Files\Unity\Hub\Editor\2020.3.2f1\Editor\Unity.exe
-adb2
-batchMode
-noUpm
-name
AssetImportWorker0
-projectPath
C:/Users/Nhara/Documents/GitHub/GENR7100-Project/GENR7100 Project
-logFile
Logs/AssetImportWorker0.log
-srvPort
49166
Successfully changed project path to: C:/Users/Nhara/Documents/GitHub/GENR7100-Project/GENR7100 Project
C:/Users/Nhara/Documents/GitHub/GENR7100-Project/GENR7100 Project
Using Asset Import Pipeline V2.
Refreshing native plugins compatible for Editor in 35.88 ms, found 0 plugins.
Preloading 0 native plugins for Editor in 0.00 ms.
Initialize engine version: 2020.3.2f1 (8fd9074bf66c)
[Subsystems] Discovering subsystems at path C:/Program Files/Unity/Hub/Editor/2020.3.2f1/Editor/Data/Resources/UnitySubsystems
[Subsystems] Discovering subsystems at path C:/Users/Nhara/Documents/GitHub/GENR7100-Project/GENR7100 Project/Assets
GfxDevice: creating device client; threaded=0
Direct3D:
    Version:  Direct3D 11.0 [level 11.1]
    Renderer: Radeon RX 580 Series (ID=0x67df)
    Vendor:   
    VRAM:     8171 MB
    Driver:   27.20.22001.14011
Initialize mono
Mono path[0] = 'C:/Program Files/Unity/Hub/Editor/2020.3.2f1/Editor/Data/Managed'
Mono path[1] = 'C:/Program Files/Unity/Hub/Editor/2020.3.2f1/Editor/Data/MonoBleedingEdge/lib/mono/unityjit'
Mono config path = 'C:/Program Files/Unity/Hub/Editor/2020.3.2f1/Editor/Data/MonoBleedingEdge/etc'
Using monoOptions --debugger-agent=transport=dt_socket,embedding=1,server=y,suspend=n,address=127.0.0.1:56312
Begin MonoManager ReloadAssembly
Registering precompiled unity dll's ...
Register platform support module: C:/Program Files/Unity/Hub/Editor/2020.3.2f1/Editor/Data/PlaybackEngines/WindowsStandaloneSupport/UnityEditor.WindowsStandalone.Extensions.dll
Registered in 0.003416 seconds.
Native extension for WindowsStandalone target not found
Refreshing native plugins compatible for Editor in 37.02 ms, found 0 plugins.
Preloading 0 native plugins for Editor in 0.00 ms.
Invoked RoslynAnalysisRunner static constructor.
RoslynAnalysisRunner will not be running.
RoslynAnalysisRunner has terminated.
Mono: successfully reloaded assembly
- Completed reload, in  1.307 seconds
Platform modules already initialized, skipping
Registering precompiled user dll's ...
Registered in 0.001213 seconds.
Begin MonoManager ReloadAssembly
Native extension for WindowsStandalone target not found
Refreshing native plugins compatible for Editor in 42.90 ms, found 0 plugins.
Preloading 0 native plugins for Editor in 0.00 ms.
Invoked RoslynAnalysisRunner static constructor.
RoslynAnalysisRunner will not be running.
RoslynAnalysisRunner has terminated.
Mono: successfully reloaded assembly
- Completed reload, in  1.386 seconds
Platform modules already initialized, skipping
========================================================================
Worker process is ready to serve import requests
Launched and connected shader compiler UnityShaderCompiler.exe after 0.06 seconds
Refreshing native plugins compatible for Editor in 0.29 ms, found 0 plugins.
Preloading 0 native plugins for Editor in 0.00 ms.
Unloading 1262 Unused Serialized files (Serialized files now loaded: 0)
System memory in use before: 94.6 MB.
System memory in use after: 94.6 MB.

Unloading 10 unused Assets to reduce memory usage. Loaded Objects now: 1728.
Total: 1.954500 ms (FindLiveObjects: 0.144600 ms CreateObjectMapping: 0.143500 ms MarkObjects: 1.487600 ms  DeleteObjects: 0.177600 ms)

========================================================================
Received Import Request.
  path: Assets/Assets/Ability Indicators
  artifactKey: Guid(5b9524bfc7e73884b9c7ff3698bc3413) Importer(815301076,1909f56bfc062723c751e8b465ee728b)
Start importing Assets/Assets/Ability Indicators using Guid(5b9524bfc7e73884b9c7ff3698bc3413) Importer(815301076,1909f56bfc062723c751e8b465ee728b)  -> (artifact id: '4bc84a5a3dea796ace881d28a33c0bfd') in 0.005688 seconds
  Import took 0.007992 seconds .

========================================================================
Received Import Request.
  Time since last request: 11.795151 seconds.
  path: Assets/Assets/Ability Indicators/CircleIndicator.png
  artifactKey: Guid(d59569b2349ae1f4aaae176ca6de9931) Importer(815301076,1909f56bfc062723c751e8b465ee728b)
Start importing Assets/Assets/Ability Indicators/CircleIndicator.png using Guid(d59569b2349ae1f4aaae176ca6de9931) Importer(815301076,1909f56bfc062723c751e8b465ee728b)  -> (artifact id: '0645c2315ba7cb98572161cb3e85eddd') in 0.079080 seconds
  Import took 0.081236 seconds .

========================================================================
Received Import Request.
  Time since last request: 28.012338 seconds.
  path: Assets/Assets/Ability Indicators/LineIndicator.png
  artifactKey: Guid(5e9046a738cac1044a1194c8846e00ae) Importer(815301076,1909f56bfc062723c751e8b465ee728b)
Start importing Assets/Assets/Ability Indicators/LineIndicator.png using Guid(5e9046a738cac1044a1194c8846e00ae) Importer(815301076,1909f56bfc062723c751e8b465ee728b)  -> (artifact id: 'e36061b3d8c66c5823d16ddeadcc2de8') in 0.011708 seconds
  Import took 0.015433 seconds .

========================================================================
Received Prepare
Registering precompiled user dll's ...
Registered in 0.001394 seconds.
Begin MonoManager ReloadAssembly
Native extension for WindowsStandalone target not found
Refreshing native plugins compatible for Editor in 0.24 ms, found 0 plugins.
Preloading 0 native plugins for Editor in 0.00 ms.
Invoked RoslynAnalysisRunner static constructor.
RoslynAnalysisRunner will not be running.
RoslynAnalysisRunner has terminated.
Mono: successfully reloaded assembly
- Completed reload, in  0.859 seconds
Platform modules already initialized, skipping
Refreshing native plugins compatible for Editor in 0.35 ms, found 0 plugins.
Preloading 0 native plugins for Editor in 0.00 ms.
Unloading 1243 Unused Serialized files (Serialized files now loaded: 0)
System memory in use before: 93.2 MB.
System memory in use after: 93.3 MB.

Unloading 5 unused Assets to reduce memory usage. Loaded Objects now: 1734.
Total: 1.837900 ms (FindLiveObjects: 0.197700 ms CreateObjectMapping: 0.045900 ms MarkObjects: 1.479700 ms  DeleteObjects: 0.113600 ms)

========================================================================
Received Import Request.
  Time since last request: 353.463187 seconds.
  path: Assets/Assets/Ability Indicators/LineIndicator.png
  artifactKey: Guid(5e9046a738cac1044a1194c8846e00ae) Importer(815301076,1909f56bfc062723c751e8b465ee728b)
Start importing Assets/Assets/Ability Indicators/LineIndicator.png using Guid(5e9046a738cac1044a1194c8846e00ae) Importer(815301076,1909f56bfc062723c751e8b465ee728b)  -> (artifact id: 'f706ba8a62aa41b124dba2184d6a66f6') in 0.088302 seconds
  Import took 0.091242 seconds .

========================================================================
Received Import Request.
  Time since last request: 2.956961 seconds.
  path: Assets/Assets/Ability Indicators/CircleIndicator.png
  artifactKey: Guid(d59569b2349ae1f4aaae176ca6de9931) Importer(815301076,1909f56bfc062723c751e8b465ee728b)
Start importing Assets/Assets/Ability Indicators/CircleIndicator.png using Guid(d59569b2349ae1f4aaae176ca6de9931) Importer(815301076,1909f56bfc062723c751e8b465ee728b)  -> (artifact id: '2a3740c34e22dc8800231bc35c5fae41') in 0.014143 seconds
  Import took 0.017059 seconds .

========================================================================
Received Import Request.
  Time since last request: 0.007121 seconds.
  path: Assets/Assets/Ability Indicators/CircleIndicator.png
  artifactKey: Guid(d59569b2349ae1f4aaae176ca6de9931) Importer(815301076,1909f56bfc062723c751e8b465ee728b)
Start importing Assets/Assets/Ability Indicators/CircleIndicator.png using Guid(d59569b2349ae1f4aaae176ca6de9931) Importer(815301076,1909f56bfc062723c751e8b465ee728b)  -> (artifact id: '2a3740c34e22dc8800231bc35c5fae41') in 0.014813 seconds
  Import took 0.017687 seconds .

========================================================================
Received Import Request.
  Time since last request: 422.573514 seconds.
  path: Assets/Assets/Ability Indicators/LineIndicator.png
  artifactKey: Guid(5e9046a738cac1044a1194c8846e00ae) Importer(815301076,1909f56bfc062723c751e8b465ee728b)
Start importing Assets/Assets/Ability Indicators/LineIndicator.png using Guid(5e9046a738cac1044a1194c8846e00ae) Importer(815301076,1909f56bfc062723c751e8b465ee728b)  -> (artifact id: '2c62541d6e16fae1ccdd0eadb7446114') in 0.011978 seconds
  Import took 0.014246 seconds .

========================================================================
Received Import Request.
  Time since last request: 0.006281 seconds.
  path: Assets/Assets/Ability Indicators/LineIndicator.png
  artifactKey: Guid(5e9046a738cac1044a1194c8846e00ae) Importer(815301076,1909f56bfc062723c751e8b465ee728b)
Start importing Assets/Assets/Ability Indicators/LineIndicator.png using Guid(5e9046a738cac1044a1194c8846e00ae) Importer(815301076,1909f56bfc062723c751e8b465ee728b)  -> (artifact id: '2c62541d6e16fae1ccdd0eadb7446114') in 0.012651 seconds
  Import took 0.014750 seconds .

========================================================================
Received Import Request.
  Time since last request: 4.877784 seconds.
  path: Assets/Assets/Ability Indicators/LineIndicator.png
  artifactKey: Guid(5e9046a738cac1044a1194c8846e00ae) Importer(815301076,1909f56bfc062723c751e8b465ee728b)
Start importing Assets/Assets/Ability Indicators/LineIndicator.png using Guid(5e9046a738cac1044a1194c8846e00ae) Importer(815301076,1909f56bfc062723c751e8b465ee728b)  -> (artifact id: '018a81db800c1f9bde3e5ac86651784b') in 0.010004 seconds
  Import took 0.012491 seconds .

========================================================================
Received Import Request.
  Time since last request: 0.013258 seconds.
  path: Assets/Assets/Ability Indicators/LineIndicator.png
  artifactKey: Guid(5e9046a738cac1044a1194c8846e00ae) Importer(815301076,1909f56bfc062723c751e8b465ee728b)
Start importing Assets/Assets/Ability Indicators/LineIndicator.png using Guid(5e9046a738cac1044a1194c8846e00ae) Importer(815301076,1909f56bfc062723c751e8b465ee728b)  -> (artifact id: '018a81db800c1f9bde3e5ac86651784b') in 0.012101 seconds
  Import took 0.021979 seconds .

========================================================================
Received Prepare
Registering precompiled user dll's ...
Registered in 0.000997 seconds.
Begin MonoManager ReloadAssembly
Native extension for WindowsStandalone target not found
Refreshing native plugins compatible for Editor in 0.26 ms, found 0 plugins.
Preloading 0 native plugins for Editor in 0.00 ms.
Invoked RoslynAnalysisRunner static constructor.
RoslynAnalysisRunner will not be running.
RoslynAnalysisRunner has terminated.
Mono: successfully reloaded assembly
- Completed reload, in  0.792 seconds
Platform modules already initialized, skipping
Refreshing native plugins compatible for Editor in 0.24 ms, found 0 plugins.
Preloading 0 native plugins for Editor in 0.00 ms.
Unloading 1243 Unused Serialized files (Serialized files now loaded: 0)
System memory in use before: 96.3 MB.
System memory in use after: 96.4 MB.

Unloading 5 unused Assets to reduce memory usage. Loaded Objects now: 1742.
Total: 2.264200 ms (FindLiveObjects: 0.190800 ms CreateObjectMapping: 0.058100 ms MarkObjects: 1.887000 ms  DeleteObjects: 0.127000 ms)

========================================================================
Received Import Request.
  Time since last request: 1237.331609 seconds.
  path: Assets/Assets/Ability Indicators/Arrow_Ability_Indicator_Blue.png
  artifactKey: Guid(77b3cb9bf5979924abfab1cc50edc51c) Importer(815301076,1909f56bfc062723c751e8b465ee728b)
Start importing Assets/Assets/Ability Indicators/Arrow_Ability_Indicator_Blue.png using Guid(77b3cb9bf5979924abfab1cc50edc51c) Importer(815301076,1909f56bfc062723c751e8b465ee728b)  -> (artifact id: 'ed0a15b736e952cf50ad37416fae13cc') in 0.046574 seconds
  Import took 0.050054 seconds .

========================================================================
Received Import Request.
  Time since last request: 0.000409 seconds.
  path: Assets/Assets/Ability Indicators/Range_Indicator_Blue.png
  artifactKey: Guid(a861c5dc80d50e345b4a4bdf5e66f978) Importer(815301076,1909f56bfc062723c751e8b465ee728b)
Start importing Assets/Assets/Ability Indicators/Range_Indicator_Blue.png using Guid(a861c5dc80d50e345b4a4bdf5e66f978) Importer(815301076,1909f56bfc062723c751e8b465ee728b)  -> (artifact id: '1a3283679fc96066fad92802dfad7018') in 0.011796 seconds
  Import took 0.014014 seconds .

========================================================================
Received Import Request.
  Time since last request: 0.000281 seconds.
  path: Assets/Assets/Ability Indicators/Arrow_Ability_Indicator_Blue.png
  artifactKey: Guid(77b3cb9bf5979924abfab1cc50edc51c) Importer(815301076,1909f56bfc062723c751e8b465ee728b)
Start importing Assets/Assets/Ability Indicators/Arrow_Ability_Indicator_Blue.png using Guid(77b3cb9bf5979924abfab1cc50edc51c) Importer(815301076,1909f56bfc062723c751e8b465ee728b)  -> (artifact id: 'ed0a15b736e952cf50ad37416fae13cc') in 0.010139 seconds
  Import took 0.012149 seconds .

========================================================================
Received Import Request.
  Time since last request: 0.000487 seconds.
  path: Assets/Assets/Ability Indicators/Heal_Indicator_Blue.png
  artifactKey: Guid(f4dfeb0ec78800f46857e1a1e3350cf0) Importer(815301076,1909f56bfc062723c751e8b465ee728b)
Start importing Assets/Assets/Ability Indicators/Heal_Indicator_Blue.png using Guid(f4dfeb0ec78800f46857e1a1e3350cf0) Importer(815301076,1909f56bfc062723c751e8b465ee728b)  -> (artifact id: 'edc670a6fd449d62fcace7c258b0d021') in 0.010570 seconds
  Import took 0.013293 seconds .

========================================================================
Received Import Request.
  Time since last request: 7.025377 seconds.
  path: Assets/Assets/Ability Indicators/Arrow_Ability_Indicator_Blue.png
  artifactKey: Guid(77b3cb9bf5979924abfab1cc50edc51c) Importer(815301076,1909f56bfc062723c751e8b465ee728b)
Start importing Assets/Assets/Ability Indicators/Arrow_Ability_Indicator_Blue.png using Guid(77b3cb9bf5979924abfab1cc50edc51c) Importer(815301076,1909f56bfc062723c751e8b465ee728b)  -> (artifact id: '1b3768788b3bcc0bab1e4b8a586c728e') in 0.033560 seconds
  Import took 0.036167 seconds .

========================================================================
Received Import Request.
  Time since last request: 6.653685 seconds.
  path: Assets/Assets/Ability Indicators/Heal_Indicator_Blue.png
  artifactKey: Guid(f4dfeb0ec78800f46857e1a1e3350cf0) Importer(815301076,1909f56bfc062723c751e8b465ee728b)
Start importing Assets/Assets/Ability Indicators/Heal_Indicator_Blue.png using Guid(f4dfeb0ec78800f46857e1a1e3350cf0) Importer(815301076,1909f56bfc062723c751e8b465ee728b)  -> (artifact id: '97e12bb0fae025b28993b29a379578ba') in 0.016334 seconds
  Import took 0.019268 seconds .

========================================================================
Received Import Request.
  Time since last request: 4.132021 seconds.
  path: Assets/Assets/Ability Indicators/Range_Indicator_Blue.png
  artifactKey: Guid(a861c5dc80d50e345b4a4bdf5e66f978) Importer(815301076,1909f56bfc062723c751e8b465ee728b)
Start importing Assets/Assets/Ability Indicators/Range_Indicator_Blue.png using Guid(a861c5dc80d50e345b4a4bdf5e66f978) Importer(815301076,1909f56bfc062723c751e8b465ee728b)  -> (artifact id: 'c24434fc31091eda15837eae184e6260') in 0.015293 seconds
  Import took 0.017921 seconds .

========================================================================
Received Import Request.
  Time since last request: 0.003391 seconds.
  path: Assets/Assets/Ability Indicators/Range_Indicator_Blue.png
  artifactKey: Guid(a861c5dc80d50e345b4a4bdf5e66f978) Importer(815301076,1909f56bfc062723c751e8b465ee728b)
Start importing Assets/Assets/Ability Indicators/Range_Indicator_Blue.png using Guid(a861c5dc80d50e345b4a4bdf5e66f978) Importer(815301076,1909f56bfc062723c751e8b465ee728b)  -> (artifact id: 'c24434fc31091eda15837eae184e6260') in 0.036576 seconds
  Import took 0.039069 seconds .

========================================================================
Received Prepare
Registering precompiled user dll's ...
Registered in 0.001229 seconds.
Begin MonoManager ReloadAssembly
Native extension for WindowsStandalone target not found
Refreshing native plugins compatible for Editor in 0.25 ms, found 0 plugins.
Preloading 0 native plugins for Editor in 0.00 ms.
Invoked RoslynAnalysisRunner static constructor.
RoslynAnalysisRunner will not be running.
RoslynAnalysisRunner has terminated.
Mono: successfully reloaded assembly
- Completed reload, in  0.911 seconds
Platform modules already initialized, skipping
Refreshing native plugins compatible for Editor in 0.24 ms, found 0 plugins.
Preloading 0 native plugins for Editor in 0.00 ms.
Unloading 1243 Unused Serialized files (Serialized files now loaded: 0)
System memory in use before: 96.3 MB.
System memory in use after: 96.4 MB.

Unloading 5 unused Assets to reduce memory usage. Loaded Objects now: 1748.
Total: 1.861800 ms (FindLiveObjects: 0.187300 ms CreateObjectMapping: 0.033700 ms MarkObjects: 1.466700 ms  DeleteObjects: 0.172900 ms)

========================================================================
Received Import Request.
  Time since last request: 141.143561 seconds.
  path: Assets/Assets/Ability Indicators/Circle_Indicator_Blue.png
  artifactKey: Guid(f4dfeb0ec78800f46857e1a1e3350cf0) Importer(815301076,1909f56bfc062723c751e8b465ee728b)
Start importing Assets/Assets/Ability Indicators/Circle_Indicator_Blue.png using Guid(f4dfeb0ec78800f46857e1a1e3350cf0) Importer(815301076,1909f56bfc062723c751e8b465ee728b)  -> (artifact id: '23f48bcdee476777c2278061a34d78f2') in 0.066375 seconds
  Import took 0.068963 seconds .

========================================================================
Received Prepare
Registering precompiled user dll's ...
Registered in 0.000985 seconds.
Begin MonoManager ReloadAssembly
Native extension for WindowsStandalone target not found
Refreshing native plugins compatible for Editor in 0.28 ms, found 0 plugins.
Preloading 0 native plugins for Editor in 0.00 ms.
Invoked RoslynAnalysisRunner static constructor.
RoslynAnalysisRunner will not be running.
RoslynAnalysisRunner has terminated.
Mono: successfully reloaded assembly
- Completed reload, in  0.987 seconds
Platform modules already initialized, skipping
Refreshing native plugins compatible for Editor in 0.24 ms, found 0 plugins.
Preloading 0 native plugins for Editor in 0.00 ms.
Unloading 1243 Unused Serialized files (Serialized files now loaded: 0)
System memory in use before: 96.3 MB.
System memory in use after: 96.4 MB.

Unloading 5 unused Assets to reduce memory usage. Loaded Objects now: 1752.
Total: 1.903600 ms (FindLiveObjects: 0.174000 ms CreateObjectMapping: 0.040700 ms MarkObjects: 1.558300 ms  DeleteObjects: 0.129500 ms)

========================================================================
Received Prepare
Registering precompiled user dll's ...
Registered in 0.001034 seconds.
Begin MonoManager ReloadAssembly
Native extension for WindowsStandalone target not found
Refreshing native plugins compatible for Editor in 0.24 ms, found 0 plugins.
Preloading 0 native plugins for Editor in 0.00 ms.
Invoked RoslynAnalysisRunner static constructor.
RoslynAnalysisRunner will not be running.
RoslynAnalysisRunner has terminated.
Mono: successfully reloaded assembly
- Completed reload, in  0.831 seconds
Platform modules already initialized, skipping
Refreshing native plugins compatible for Editor in 0.51 ms, found 0 plugins.
Preloading 0 native plugins for Editor in 0.00 ms.
Unloading 1243 Unused Serialized files (Serialized files now loaded: 0)
System memory in use before: 96.4 MB.
System memory in use after: 96.4 MB.

Unloading 5 unused Assets to reduce memory usage. Loaded Objects now: 1755.
Total: 2.757800 ms (FindLiveObjects: 0.253900 ms CreateObjectMapping: 0.100000 ms MarkObjects: 2.267600 ms  DeleteObjects: 0.134600 ms)

========================================================================
Received Prepare
Registering precompiled user dll's ...
Registered in 0.000942 seconds.
Begin MonoManager ReloadAssembly
Native extension for WindowsStandalone target not found
Refreshing native plugins compatible for Editor in 0.25 ms, found 0 plugins.
Preloading 0 native plugins for Editor in 0.00 ms.
Invoked RoslynAnalysisRunner static constructor.
RoslynAnalysisRunner will not be running.
RoslynAnalysisRunner has terminated.
Mono: successfully reloaded assembly
- Completed reload, in  0.966 seconds
Platform modules already initialized, skipping
Refreshing native plugins compatible for Editor in 0.24 ms, found 0 plugins.
Preloading 0 native plugins for Editor in 0.00 ms.
Unloading 1243 Unused Serialized files (Serialized files now loaded: 0)
System memory in use before: 96.4 MB.
System memory in use after: 96.4 MB.

Unloading 5 unused Assets to reduce memory usage. Loaded Objects now: 1758.
Total: 1.869800 ms (FindLiveObjects: 0.305200 ms CreateObjectMapping: 0.055600 ms MarkObjects: 1.408600 ms  DeleteObjects: 0.099400 ms)

========================================================================
Received Prepare
Registering precompiled user dll's ...
Registered in 0.000934 seconds.
Begin MonoManager ReloadAssembly
Native extension for WindowsStandalone target not found
Refreshing native plugins compatible for Editor in 0.24 ms, found 0 plugins.
Preloading 0 native plugins for Editor in 0.00 ms.
Invoked RoslynAnalysisRunner static constructor.
RoslynAnalysisRunner will not be running.
RoslynAnalysisRunner has terminated.
Mono: successfully reloaded assembly
- Completed reload, in  0.816 seconds
Platform modules already initialized, skipping
Refreshing native plugins compatible for Editor in 0.24 ms, found 0 plugins.
Preloading 0 native plugins for Editor in 0.00 ms.
Unloading 1243 Unused Serialized files (Serialized files now loaded: 0)
System memory in use before: 96.4 MB.
System memory in use after: 96.4 MB.

Unloading 5 unused Assets to reduce memory usage. Loaded Objects now: 1761.
Total: 1.875700 ms (FindLiveObjects: 0.213900 ms CreateObjectMapping: 0.045500 ms MarkObjects: 1.468100 ms  DeleteObjects: 0.146700 ms)

========================================================================
Received Prepare
Registering precompiled user dll's ...
Registered in 0.000989 seconds.
Begin MonoManager ReloadAssembly
Native extension for WindowsStandalone target not found
Refreshing native plugins compatible for Editor in 0.44 ms, found 0 plugins.
Preloading 0 native plugins for Editor in 0.00 ms.
Invoked RoslynAnalysisRunner static constructor.
RoslynAnalysisRunner will not be running.
RoslynAnalysisRunner has terminated.
Mono: successfully reloaded assembly
- Completed reload, in  1.135 seconds
Platform modules already initialized, skipping
Refreshing native plugins compatible for Editor in 0.26 ms, found 0 plugins.
Preloading 0 native plugins for Editor in 0.00 ms.
Unloading 1243 Unused Serialized files (Serialized files now loaded: 0)
System memory in use before: 96.4 MB.
System memory in use after: 96.4 MB.

Unloading 5 unused Assets to reduce memory usage. Loaded Objects now: 1764.
Total: 1.781500 ms (FindLiveObjects: 0.172500 ms CreateObjectMapping: 0.039300 ms MarkObjects: 1.431200 ms  DeleteObjects: 0.137400 ms)

========================================================================
Received Prepare
Registering precompiled user dll's ...
Registered in 0.001166 seconds.
Begin MonoManager ReloadAssembly
Native extension for WindowsStandalone target not found
Refreshing native plugins compatible for Editor in 0.37 ms, found 0 plugins.
Preloading 0 native plugins for Editor in 0.00 ms.
Invoked RoslynAnalysisRunner static constructor.
RoslynAnalysisRunner will not be running.
RoslynAnalysisRunner has terminated.
Mono: successfully reloaded assembly
- Completed reload, in  1.047 seconds
Platform modules already initialized, skipping
Refreshing native plugins compatible for Editor in 0.83 ms, found 0 plugins.
Preloading 0 native plugins for Editor in 0.00 ms.
Unloading 1243 Unused Serialized files (Serialized files now loaded: 0)
System memory in use before: 96.4 MB.
System memory in use after: 96.5 MB.

Unloading 5 unused Assets to reduce memory usage. Loaded Objects now: 1767.
Total: 3.153200 ms (FindLiveObjects: 0.179400 ms CreateObjectMapping: 0.047800 ms MarkObjects: 2.767700 ms  DeleteObjects: 0.156300 ms)

========================================================================
Received Prepare
Registering precompiled user dll's ...
Registered in 0.000986 seconds.
Begin MonoManager ReloadAssembly
Native extension for WindowsStandalone target not found
Refreshing native plugins compatible for Editor in 0.24 ms, found 0 plugins.
Preloading 0 native plugins for Editor in 0.00 ms.
Invoked RoslynAnalysisRunner static constructor.
RoslynAnalysisRunner will not be running.
RoslynAnalysisRunner has terminated.
Mono: successfully reloaded assembly
- Completed reload, in  0.897 seconds
Platform modules already initialized, skipping
Refreshing native plugins compatible for Editor in 0.32 ms, found 0 plugins.
Preloading 0 native plugins for Editor in 0.00 ms.
Unloading 1243 Unused Serialized files (Serialized files now loaded: 0)
System memory in use before: 96.4 MB.
System memory in use after: 96.5 MB.

Unloading 5 unused Assets to reduce memory usage. Loaded Objects now: 1770.
Total: 1.896900 ms (FindLiveObjects: 0.148900 ms CreateObjectMapping: 0.042400 ms MarkObjects: 1.604100 ms  DeleteObjects: 0.099300 ms)

========================================================================
Received Prepare
Registering precompiled user dll's ...
Registered in 0.001460 seconds.
Begin MonoManager ReloadAssembly
Native extension for WindowsStandalone target not found
Refreshing native plugins compatible for Editor in 0.31 ms, found 0 plugins.
Preloading 0 native plugins for Editor in 0.00 ms.
Invoked RoslynAnalysisRunner static constructor.
RoslynAnalysisRunner will not be running.
RoslynAnalysisRunner has terminated.
Mono: successfully reloaded assembly
- Completed reload, in  0.783 seconds
Platform modules already initialized, skipping
Refreshing native plugins compatible for Editor in 0.23 ms, found 0 plugins.
Preloading 0 native plugins for Editor in 0.00 ms.
Unloading 1243 Unused Serialized files (Serialized files now loaded: 0)
System memory in use before: 96.4 MB.
System memory in use after: 96.5 MB.

Unloading 5 unused Assets to reduce memory usage. Loaded Objects now: 1773.
Total: 1.939300 ms (FindLiveObjects: 0.261400 ms CreateObjectMapping: 0.081500 ms MarkObjects: 1.477800 ms  DeleteObjects: 0.117400 ms)

========================================================================
Received Prepare
Registering precompiled user dll's ...
Registered in 0.000953 seconds.
Begin MonoManager ReloadAssembly
Native extension for WindowsStandalone target not found
Refreshing native plugins compatible for Editor in 0.29 ms, found 0 plugins.
Preloading 0 native plugins for Editor in 0.00 ms.
Invoked RoslynAnalysisRunner static constructor.
RoslynAnalysisRunner will not be running.
RoslynAnalysisRunner has terminated.
Mono: successfully reloaded assembly
- Completed reload, in  0.945 seconds
Platform modules already initialized, skipping
Refreshing native plugins compatible for Editor in 0.24 ms, found 0 plugins.
Preloading 0 native plugins for Editor in 0.00 ms.
Unloading 1243 Unused Serialized files (Serialized files now loaded: 0)
System memory in use before: 96.4 MB.
System memory in use after: 96.5 MB.

Unloading 5 unused Assets to reduce memory usage. Loaded Objects now: 1776.
Total: 1.731200 ms (FindLiveObjects: 0.152800 ms CreateObjectMapping: 0.042400 ms MarkObjects: 1.430300 ms  DeleteObjects: 0.104700 ms)

========================================================================
Received Import Request.
  Time since last request: 2447.355065 seconds.
  path: Assets/Assets/Ability Indicators/Ability 3 Range Indicator.prefab
  artifactKey: Guid(6ad6bd7453593c64dac561eea6083477) Importer(815301076,1909f56bfc062723c751e8b465ee728b)
Start importing Assets/Assets/Ability Indicators/Ability 3 Range Indicator.prefab using Guid(6ad6bd7453593c64dac561eea6083477) Importer(815301076,1909f56bfc062723c751e8b465ee728b)  -> (artifact id: '3277c404724222f09cfb60ccf02a45aa') in 0.037276 seconds
  Import took 0.040074 seconds .

========================================================================
Received Prepare
Registering precompiled user dll's ...
Registered in 0.001161 seconds.
Begin MonoManager ReloadAssembly
Native extension for WindowsStandalone target not found
Refreshing native plugins compatible for Editor in 0.46 ms, found 0 plugins.
Preloading 0 native plugins for Editor in 0.00 ms.
Invoked RoslynAnalysisRunner static constructor.
RoslynAnalysisRunner will not be running.
RoslynAnalysisRunner has terminated.
Mono: successfully reloaded assembly
- Completed reload, in  0.887 seconds
Platform modules already initialized, skipping
Refreshing native plugins compatible for Editor in 0.24 ms, found 0 plugins.
Preloading 0 native plugins for Editor in 0.00 ms.
Unloading 1243 Unused Serialized files (Serialized files now loaded: 0)
System memory in use before: 96.4 MB.
System memory in use after: 96.5 MB.

Unloading 5 unused Assets to reduce memory usage. Loaded Objects now: 1779.
Total: 1.869200 ms (FindLiveObjects: 0.143800 ms CreateObjectMapping: 0.033800 ms MarkObjects: 1.548100 ms  DeleteObjects: 0.142400 ms)

========================================================================
Received Prepare
Registering precompiled user dll's ...
Registered in 0.001224 seconds.
Begin MonoManager ReloadAssembly
Native extension for WindowsStandalone target not found
Refreshing native plugins compatible for Editor in 0.24 ms, found 0 plugins.
Preloading 0 native plugins for Editor in 0.00 ms.
Invoked RoslynAnalysisRunner static constructor.
RoslynAnalysisRunner will not be running.
RoslynAnalysisRunner has terminated.
Mono: successfully reloaded assembly
- Completed reload, in  0.864 seconds
Platform modules already initialized, skipping
Refreshing native plugins compatible for Editor in 0.24 ms, found 0 plugins.
Preloading 0 native plugins for Editor in 0.00 ms.
Unloading 1243 Unused Serialized files (Serialized files now loaded: 0)
System memory in use before: 96.4 MB.
System memory in use after: 96.5 MB.

Unloading 5 unused Assets to reduce memory usage. Loaded Objects now: 1782.
Total: 1.919200 ms (FindLiveObjects: 0.215700 ms CreateObjectMapping: 0.038200 ms MarkObjects: 1.533500 ms  DeleteObjects: 0.130400 ms)

========================================================================
Received Prepare
Registering precompiled user dll's ...
Registered in 0.000963 seconds.
Begin MonoManager ReloadAssembly
Native extension for WindowsStandalone target not found
Refreshing native plugins compatible for Editor in 0.53 ms, found 0 plugins.
Preloading 0 native plugins for Editor in 0.00 ms.
Invoked RoslynAnalysisRunner static constructor.
RoslynAnalysisRunner will not be running.
RoslynAnalysisRunner has terminated.
Mono: successfully reloaded assembly
- Completed reload, in  0.955 seconds
Platform modules already initialized, skipping
Refreshing native plugins compatible for Editor in 0.26 ms, found 0 plugins.
Preloading 0 native plugins for Editor in 0.00 ms.
Unloading 1243 Unused Serialized files (Serialized files now loaded: 0)
System memory in use before: 96.4 MB.
System memory in use after: 96.5 MB.

Unloading 5 unused Assets to reduce memory usage. Loaded Objects now: 1785.
Total: 4.572700 ms (FindLiveObjects: 0.220100 ms CreateObjectMapping: 0.117900 ms MarkObjects: 4.117900 ms  DeleteObjects: 0.115200 ms)

========================================================================
Received Prepare
Registering precompiled user dll's ...
Registered in 0.000964 seconds.
Begin MonoManager ReloadAssembly
Native extension for WindowsStandalone target not found
Refreshing native plugins compatible for Editor in 0.24 ms, found 0 plugins.
Preloading 0 native plugins for Editor in 0.00 ms.
Invoked RoslynAnalysisRunner static constructor.
RoslynAnalysisRunner will not be running.
RoslynAnalysisRunner has terminated.
Mono: successfully reloaded assembly
- Completed reload, in  0.856 seconds
Platform modules already initialized, skipping
Refreshing native plugins compatible for Editor in 0.33 ms, found 0 plugins.
Preloading 0 native plugins for Editor in 0.00 ms.
Unloading 1243 Unused Serialized files (Serialized files now loaded: 0)
System memory in use before: 96.4 MB.
System memory in use after: 96.5 MB.

Unloading 5 unused Assets to reduce memory usage. Loaded Objects now: 1788.
Total: 2.018900 ms (FindLiveObjects: 0.143500 ms CreateObjectMapping: 0.038500 ms MarkObjects: 1.733900 ms  DeleteObjects: 0.101600 ms)

AssetImportWorkerClient::OnTransportError - code=2 error=End of file
